I0
  [ PROGRAM' -> .PROGRAM, $]
  [ PROGRAM -> .DECL_LIST, $]
  [ DECL_LIST -> .DECL_LIST DECL, $]
  [ DECL_LIST -> .DECL, $]
  [ DECL -> .VAR_DECL, $]
  [ DECL -> .FUNC_DECL, $]
  [ DECL -> .COMMENT, $]
  [ VAR_DECL -> .TYPE_SPEC ID ;, $]
  [ VAR_DECL -> .TYPE_SPEC ID = EXP ;, $]
  [ VAR_DECL -> .TYPE_SPEC ID [ NUMBER ] ;, $]
  [ FUNC_DECL -> .TYPE_SPEC ID ( PARAMS ) COMPOUND_STMT, $]
  [ FUNC_DECL -> .TYPE_SPEC ID ( ) COMPOUND_STMT, $]
  [ TYPE_SPEC -> .INT, $]
  [ TYPE_SPEC -> .FLOAT, $]
  [ TYPE_SPEC -> .CHAR, $]
  [ TYPE_SPEC -> .VOID, $]
I1
  [ PROGRAM' -> PROGRAM., $]
I2
  [ PROGRAM -> DECL_LIST., $]
  [ DECL_LIST -> DECL_LIST .DECL, $]
  [ DECL -> .VAR_DECL, $]
  [ DECL -> .FUNC_DECL, $]
  [ DECL -> .COMMENT, $]
  [ VAR_DECL -> .TYPE_SPEC ID ;, $]
  [ VAR_DECL -> .TYPE_SPEC ID = EXP ;, $]
  [ VAR_DECL -> .TYPE_SPEC ID [ NUMBER ] ;, $]
  [ FUNC_DECL -> .TYPE_SPEC ID ( PARAMS ) COMPOUND_STMT, $]
  [ FUNC_DECL -> .TYPE_SPEC ID ( ) COMPOUND_STMT, $]
  [ TYPE_SPEC -> .INT, $]
  [ TYPE_SPEC -> .FLOAT, $]
  [ TYPE_SPEC -> .CHAR, $]
  [ TYPE_SPEC -> .VOID, $]
I3
  [ DECL_LIST -> DECL., $]
I4
  [ DECL -> VAR_DECL., COMMENT/INT/FLOAT/CHAR/VOID]
I5
  [ DECL -> FUNC_DECL., COMMENT/INT/FLOAT/CHAR/VOID]
I6
  [ DECL -> COMMENT., COMMENT/INT/FLOAT/CHAR/VOID]
I7
  [ VAR_DECL -> TYPE_SPEC .ID ;, $]
  [ VAR_DECL -> TYPE_SPEC .ID = EXP ;, $]
  [ VAR_DECL -> TYPE_SPEC .ID [ NUMBER ] ;, $]
  [ FUNC_DECL -> TYPE_SPEC .ID ( PARAMS ) COMPOUND_STMT, $]
  [ FUNC_DECL -> TYPE_SPEC .ID ( ) COMPOUND_STMT, $]
I8
  [ TYPE_SPEC -> INT., ID/COMMENT/;/IF/FOR/WHILE/INT/FLOAT/CHAR/VOID/RETURN/NUMBER/+/-/(/STRING/,]
I9
  [ TYPE_SPEC -> FLOAT., ID/COMMENT/;/IF/FOR/WHILE/INT/FLOAT/CHAR/VOID/RETURN/NUMBER/+/-/(/STRING/,]
I10
  [ TYPE_SPEC -> CHAR., ID/COMMENT/;/IF/FOR/WHILE/INT/FLOAT/CHAR/VOID/RETURN/NUMBER/+/-/(/STRING/,]
I11
  [ TYPE_SPEC -> VOID., ID/COMMENT/;/IF/FOR/WHILE/INT/FLOAT/CHAR/VOID/RETURN/NUMBER/+/-/(/STRING/,]
I12
  [ DECL_LIST -> DECL_LIST DECL., COMMENT/INT/FLOAT/CHAR/VOID]
I13
  [ VAR_DECL -> TYPE_SPEC ID .;, $]
  [ VAR_DECL -> TYPE_SPEC ID .= EXP ;, $]
  [ VAR_DECL -> TYPE_SPEC ID .[ NUMBER ] ;, $]
  [ FUNC_DECL -> TYPE_SPEC ID .( PARAMS ) COMPOUND_STMT, $]
  [ FUNC_DECL -> TYPE_SPEC ID .( ) COMPOUND_STMT, $]
I14
  [ VAR_DECL -> TYPE_SPEC ID ;., COMMENT/;/IF/FOR/WHILE/INT/FLOAT/CHAR/VOID/RETURN/ID/NUMBER/+/-/(/STRING]
I15
  [ VAR_DECL -> TYPE_SPEC ID = .EXP ;, $]
  [ EXP -> .SIMPLE_EXP, $]
  [ EXP -> .SIMPLE_EXP COMP_OP SIMPLE_EXP, $]
  [ SIMPLE_EXP -> .ASSIGN_EXP, $]
  [ SIMPLE_EXP -> .TERM ADDOP TERM, $]
  [ SIMPLE_EXP -> .TERM, $]
  [ ASSIGN_EXP -> .ID = EXP, $]
  [ ASSIGN_EXP -> .ID [ EXP ] = EXP, $]
  [ TERM -> .TERM MULOP FACTOR, $]
  [ TERM -> .FACTOR, $]
  [ FACTOR -> .NUMBER, $]
  [ FACTOR -> .+ FACTOR, $]
  [ FACTOR -> .- FACTOR, $]
  [ FACTOR -> .ID, $]
  [ FACTOR -> .ID [ EXP ], $]
  [ FACTOR -> .ID ++, $]
  [ FACTOR -> .ID --, $]
  [ FACTOR -> .( EXP ), $]
  [ FACTOR -> .CALL, $]
  [ FACTOR -> .STRING, $]
  [ CALL -> .ID ( ), $]
  [ CALL -> .ID ( ARGS_LIST ), $]
I16
  [ VAR_DECL -> TYPE_SPEC ID [ .NUMBER ] ;, $]
I17
  [ FUNC_DECL -> TYPE_SPEC ID ( .PARAMS ) COMPOUND_STMT, $]
  [ FUNC_DECL -> TYPE_SPEC ID ( .) COMPOUND_STMT, $]
  [ PARAMS -> .PARAM_LIST, $]
  [ PARAMS -> .VOID, $]
  [ PARAM_LIST -> .PARAM_LIST , PARAM, $]
  [ PARAM_LIST -> .PARAM, $]
  [ PARAM -> .TYPE_SPEC ID, $]
  [ PARAM -> .TYPE_SPEC ID [ NUMBER ], $]
  [ TYPE_SPEC -> .INT, $]
  [ TYPE_SPEC -> .FLOAT, $]
  [ TYPE_SPEC -> .CHAR, $]
  [ TYPE_SPEC -> .VOID, $]
I18
  [ VAR_DECL -> TYPE_SPEC ID = EXP .;, $]
I19
  [ EXP -> SIMPLE_EXP., COMMENT/;/IF/FOR/WHILE/INT/FLOAT/CHAR/VOID/RETURN/ID/NUMBER/+/-/(/STRING/EQU/NEQ/LTE/GTE/LT/GT/,/*//]
  [ EXP -> SIMPLE_EXP .COMP_OP SIMPLE_EXP, $]
  [ COMP_OP -> .EQU, $]
  [ COMP_OP -> .NEQ, $]
  [ COMP_OP -> .LTE, $]
  [ COMP_OP -> .GTE, $]
  [ COMP_OP -> .LT, $]
  [ COMP_OP -> .GT, $]
I20
  [ SIMPLE_EXP -> ASSIGN_EXP., EQU/NEQ/LTE/GTE/LT/GT/COMMENT/;/IF/FOR/WHILE/INT/FLOAT/CHAR/VOID/RETURN/ID/NUMBER/+/-/(/STRING/,/*//]
I21
  [ SIMPLE_EXP -> TERM .ADDOP TERM, $]
  [ SIMPLE_EXP -> TERM., EQU/NEQ/LTE/GTE/LT/GT/COMMENT/;/IF/FOR/WHILE/INT/FLOAT/CHAR/VOID/RETURN/ID/NUMBER/+/-/(/STRING/,/*//]
  [ TERM -> TERM .MULOP FACTOR, $]
  [ ADDOP -> .+, $]
  [ ADDOP -> .-, $]
  [ MULOP -> .*, $]
  [ MULOP -> ./, $]
I22
  [ ASSIGN_EXP -> ID .= EXP, $]
  [ ASSIGN_EXP -> ID .[ EXP ] = EXP, $]
  [ FACTOR -> ID., EQU/NEQ/LTE/GTE/LT/GT/COMMENT/;/IF/FOR/WHILE/INT/FLOAT/CHAR/VOID/RETURN/ID/NUMBER/+/-/(/STRING/,/*//]
  [ FACTOR -> ID .[ EXP ], $]
  [ FACTOR -> ID .++, $]
  [ FACTOR -> ID .--, $]
  [ CALL -> ID .( ), $]
  [ CALL -> ID .( ARGS_LIST ), $]
I23
  [ TERM -> FACTOR., EQU/NEQ/LTE/GTE/LT/GT/COMMENT/;/IF/FOR/WHILE/INT/FLOAT/CHAR/VOID/RETURN/ID/NUMBER/+/-/(/STRING/,/*//]
I24
  [ FACTOR -> NUMBER., EQU/NEQ/LTE/GTE/LT/GT/COMMENT/;/IF/FOR/WHILE/INT/FLOAT/CHAR/VOID/RETURN/ID/NUMBER/+/-/(/STRING/,/*//]
I25
  [ FACTOR -> + .FACTOR, $]
  [ FACTOR -> .NUMBER, $]
  [ FACTOR -> .+ FACTOR, $]
  [ FACTOR -> .- FACTOR, $]
  [ FACTOR -> .ID, $]
  [ FACTOR -> .ID [ EXP ], $]
  [ FACTOR -> .ID ++, $]
  [ FACTOR -> .ID --, $]
  [ FACTOR -> .( EXP ), $]
  [ FACTOR -> .CALL, $]
  [ FACTOR -> .STRING, $]
  [ CALL -> .ID ( ), $]
  [ CALL -> .ID ( ARGS_LIST ), $]
I26
  [ FACTOR -> - .FACTOR, $]
  [ FACTOR -> .NUMBER, $]
  [ FACTOR -> .+ FACTOR, $]
  [ FACTOR -> .- FACTOR, $]
  [ FACTOR -> .ID, $]
  [ FACTOR -> .ID [ EXP ], $]
  [ FACTOR -> .ID ++, $]
  [ FACTOR -> .ID --, $]
  [ FACTOR -> .( EXP ), $]
  [ FACTOR -> .CALL, $]
  [ FACTOR -> .STRING, $]
  [ CALL -> .ID ( ), $]
  [ CALL -> .ID ( ARGS_LIST ), $]
I27
  [ FACTOR -> ( .EXP ), $]
  [ EXP -> .SIMPLE_EXP, $]
  [ EXP -> .SIMPLE_EXP COMP_OP SIMPLE_EXP, $]
  [ SIMPLE_EXP -> .ASSIGN_EXP, $]
  [ SIMPLE_EXP -> .TERM ADDOP TERM, $]
  [ SIMPLE_EXP -> .TERM, $]
  [ ASSIGN_EXP -> .ID = EXP, $]
  [ ASSIGN_EXP -> .ID [ EXP ] = EXP, $]
  [ TERM -> .TERM MULOP FACTOR, $]
  [ TERM -> .FACTOR, $]
  [ FACTOR -> .NUMBER, $]
  [ FACTOR -> .+ FACTOR, $]
  [ FACTOR -> .- FACTOR, $]
  [ FACTOR -> .ID, $]
  [ FACTOR -> .ID [ EXP ], $]
  [ FACTOR -> .ID ++, $]
  [ FACTOR -> .ID --, $]
  [ FACTOR -> .( EXP ), $]
  [ FACTOR -> .CALL, $]
  [ FACTOR -> .STRING, $]
  [ CALL -> .ID ( ), $]
  [ CALL -> .ID ( ARGS_LIST ), $]
I28
  [ FACTOR -> CALL., EQU/NEQ/LTE/GTE/LT/GT/COMMENT/;/IF/FOR/WHILE/INT/FLOAT/CHAR/VOID/RETURN/ID/NUMBER/+/-/(/STRING/,/*//]
I29
  [ FACTOR -> STRING., EQU/NEQ/LTE/GTE/LT/GT/COMMENT/;/IF/FOR/WHILE/INT/FLOAT/CHAR/VOID/RETURN/ID/NUMBER/+/-/(/STRING/,/*//]
I30
  [ VAR_DECL -> TYPE_SPEC ID [ NUMBER .] ;, $]
I31
  [ FUNC_DECL -> TYPE_SPEC ID ( PARAMS .) COMPOUND_STMT, $]
I32
  [ FUNC_DECL -> TYPE_SPEC ID ( ) .COMPOUND_STMT, $]
  [ COMPOUND_STMT -> .{ STMT_LIST }, $]
I33
  [ PARAMS -> PARAM_LIST., COMMENT/INT/FLOAT/CHAR/VOID]
  [ PARAM_LIST -> PARAM_LIST ., PARAM, $]
I34
  [ PARAMS -> VOID., COMMENT/INT/FLOAT/CHAR/VOID]
  [ TYPE_SPEC -> VOID., ID/COMMENT/INT/FLOAT/CHAR/VOID]
I35
  [ PARAM_LIST -> PARAM., COMMENT/INT/FLOAT/CHAR/VOID]
I36
  [ PARAM -> TYPE_SPEC .ID, $]
  [ PARAM -> TYPE_SPEC .ID [ NUMBER ], $]
I37
  [ VAR_DECL -> TYPE_SPEC ID = EXP ;., COMMENT/;/IF/FOR/WHILE/INT/FLOAT/CHAR/VOID/RETURN/ID/NUMBER/+/-/(/STRING]
I38
  [ EXP -> SIMPLE_EXP COMP_OP .SIMPLE_EXP, $]
  [ SIMPLE_EXP -> .ASSIGN_EXP, $]
  [ SIMPLE_EXP -> .TERM ADDOP TERM, $]
  [ SIMPLE_EXP -> .TERM, $]
  [ ASSIGN_EXP -> .ID = EXP, $]
  [ ASSIGN_EXP -> .ID [ EXP ] = EXP, $]
  [ TERM -> .TERM MULOP FACTOR, $]
  [ TERM -> .FACTOR, $]
  [ FACTOR -> .NUMBER, $]
  [ FACTOR -> .+ FACTOR, $]
  [ FACTOR -> .- FACTOR, $]
  [ FACTOR -> .ID, $]
  [ FACTOR -> .ID [ EXP ], $]
  [ FACTOR -> .ID ++, $]
  [ FACTOR -> .ID --, $]
  [ FACTOR -> .( EXP ), $]
  [ FACTOR -> .CALL, $]
  [ FACTOR -> .STRING, $]
  [ CALL -> .ID ( ), $]
  [ CALL -> .ID ( ARGS_LIST ), $]
I39
  [ COMP_OP -> EQU., COMMENT/;/IF/FOR/WHILE/INT/FLOAT/CHAR/VOID/RETURN/ID/NUMBER/+/-/(/STRING/EQU/NEQ/LTE/GTE/LT/GT/,/*//]
I40
  [ COMP_OP -> NEQ., COMMENT/;/IF/FOR/WHILE/INT/FLOAT/CHAR/VOID/RETURN/ID/NUMBER/+/-/(/STRING/EQU/NEQ/LTE/GTE/LT/GT/,/*//]
I41
  [ COMP_OP -> LTE., COMMENT/;/IF/FOR/WHILE/INT/FLOAT/CHAR/VOID/RETURN/ID/NUMBER/+/-/(/STRING/EQU/NEQ/LTE/GTE/LT/GT/,/*//]
I42
  [ COMP_OP -> GTE., COMMENT/;/IF/FOR/WHILE/INT/FLOAT/CHAR/VOID/RETURN/ID/NUMBER/+/-/(/STRING/EQU/NEQ/LTE/GTE/LT/GT/,/*//]
I43
  [ COMP_OP -> LT., COMMENT/;/IF/FOR/WHILE/INT/FLOAT/CHAR/VOID/RETURN/ID/NUMBER/+/-/(/STRING/EQU/NEQ/LTE/GTE/LT/GT/,/*//]
I44
  [ COMP_OP -> GT., COMMENT/;/IF/FOR/WHILE/INT/FLOAT/CHAR/VOID/RETURN/ID/NUMBER/+/-/(/STRING/EQU/NEQ/LTE/GTE/LT/GT/,/*//]
I45
  [ SIMPLE_EXP -> TERM ADDOP .TERM, $]
  [ TERM -> .TERM MULOP FACTOR, $]
  [ TERM -> .FACTOR, $]
  [ FACTOR -> .NUMBER, $]
  [ FACTOR -> .+ FACTOR, $]
  [ FACTOR -> .- FACTOR, $]
  [ FACTOR -> .ID, $]
  [ FACTOR -> .ID [ EXP ], $]
  [ FACTOR -> .ID ++, $]
  [ FACTOR -> .ID --, $]
  [ FACTOR -> .( EXP ), $]
  [ FACTOR -> .CALL, $]
  [ FACTOR -> .STRING, $]
  [ CALL -> .ID ( ), $]
  [ CALL -> .ID ( ARGS_LIST ), $]
I46
  [ TERM -> TERM MULOP .FACTOR, $]
  [ FACTOR -> .NUMBER, $]
  [ FACTOR -> .+ FACTOR, $]
  [ FACTOR -> .- FACTOR, $]
  [ FACTOR -> .ID, $]
  [ FACTOR -> .ID [ EXP ], $]
  [ FACTOR -> .ID ++, $]
  [ FACTOR -> .ID --, $]
  [ FACTOR -> .( EXP ), $]
  [ FACTOR -> .CALL, $]
  [ FACTOR -> .STRING, $]
  [ CALL -> .ID ( ), $]
  [ CALL -> .ID ( ARGS_LIST ), $]
I47
  [ ADDOP -> +., EQU/NEQ/LTE/GTE/LT/GT/COMMENT/;/IF/FOR/WHILE/INT/FLOAT/CHAR/VOID/RETURN/ID/NUMBER/+/-/(/STRING/,/*//]
I48
  [ ADDOP -> -., EQU/NEQ/LTE/GTE/LT/GT/COMMENT/;/IF/FOR/WHILE/INT/FLOAT/CHAR/VOID/RETURN/ID/NUMBER/+/-/(/STRING/,/*//]
I49
  [ MULOP -> *., *///EQU/NEQ/LTE/GTE/LT/GT/COMMENT/;/IF/FOR/WHILE/INT/FLOAT/CHAR/VOID/RETURN/ID/NUMBER/+/-/(/STRING/,]
I50
  [ MULOP -> /., *///EQU/NEQ/LTE/GTE/LT/GT/COMMENT/;/IF/FOR/WHILE/INT/FLOAT/CHAR/VOID/RETURN/ID/NUMBER/+/-/(/STRING/,]
I51
  [ ASSIGN_EXP -> ID = .EXP, $]
  [ EXP -> .SIMPLE_EXP, $]
  [ EXP -> .SIMPLE_EXP COMP_OP SIMPLE_EXP, $]
  [ SIMPLE_EXP -> .ASSIGN_EXP, $]
  [ SIMPLE_EXP -> .TERM ADDOP TERM, $]
  [ SIMPLE_EXP -> .TERM, $]
  [ ASSIGN_EXP -> .ID = EXP, $]
  [ ASSIGN_EXP -> .ID [ EXP ] = EXP, $]
  [ TERM -> .TERM MULOP FACTOR, $]
  [ TERM -> .FACTOR, $]
  [ FACTOR -> .NUMBER, $]
  [ FACTOR -> .+ FACTOR, $]
  [ FACTOR -> .- FACTOR, $]
  [ FACTOR -> .ID, $]
  [ FACTOR -> .ID [ EXP ], $]
  [ FACTOR -> .ID ++, $]
  [ FACTOR -> .ID --, $]
  [ FACTOR -> .( EXP ), $]
  [ FACTOR -> .CALL, $]
  [ FACTOR -> .STRING, $]
  [ CALL -> .ID ( ), $]
  [ CALL -> .ID ( ARGS_LIST ), $]
I52
  [ ASSIGN_EXP -> ID [ .EXP ] = EXP, $]
  [ FACTOR -> ID [ .EXP ], $]
  [ EXP -> .SIMPLE_EXP, $]
  [ EXP -> .SIMPLE_EXP COMP_OP SIMPLE_EXP, $]
  [ SIMPLE_EXP -> .ASSIGN_EXP, $]
  [ SIMPLE_EXP -> .TERM ADDOP TERM, $]
  [ SIMPLE_EXP -> .TERM, $]
  [ ASSIGN_EXP -> .ID = EXP, $]
  [ ASSIGN_EXP -> .ID [ EXP ] = EXP, $]
  [ TERM -> .TERM MULOP FACTOR, $]
  [ TERM -> .FACTOR, $]
  [ FACTOR -> .NUMBER, $]
  [ FACTOR -> .+ FACTOR, $]
  [ FACTOR -> .- FACTOR, $]
  [ FACTOR -> .ID, $]
  [ FACTOR -> .ID [ EXP ], $]
  [ FACTOR -> .ID ++, $]
  [ FACTOR -> .ID --, $]
  [ FACTOR -> .( EXP ), $]
  [ FACTOR -> .CALL, $]
  [ FACTOR -> .STRING, $]
  [ CALL -> .ID ( ), $]
  [ CALL -> .ID ( ARGS_LIST ), $]
I53
  [ FACTOR -> ID ++., *///EQU/NEQ/LTE/GTE/LT/GT/COMMENT/;/IF/FOR/WHILE/INT/FLOAT/CHAR/VOID/RETURN/ID/NUMBER/+/-/(/STRING/,]
I54
  [ FACTOR -> ID --., *///EQU/NEQ/LTE/GTE/LT/GT/COMMENT/;/IF/FOR/WHILE/INT/FLOAT/CHAR/VOID/RETURN/ID/NUMBER/+/-/(/STRING/,]
I55
  [ CALL -> ID ( .), $]
  [ CALL -> ID ( .ARGS_LIST ), $]
  [ ARGS_LIST -> .EXP, $]
  [ ARGS_LIST -> .ARGS_LIST , EXP, $]
  [ EXP -> .SIMPLE_EXP, $]
  [ EXP -> .SIMPLE_EXP COMP_OP SIMPLE_EXP, $]
  [ SIMPLE_EXP -> .ASSIGN_EXP, $]
  [ SIMPLE_EXP -> .TERM ADDOP TERM, $]
  [ SIMPLE_EXP -> .TERM, $]
  [ ASSIGN_EXP -> .ID = EXP, $]
  [ ASSIGN_EXP -> .ID [ EXP ] = EXP, $]
  [ TERM -> .TERM MULOP FACTOR, $]
  [ TERM -> .FACTOR, $]
  [ FACTOR -> .NUMBER, $]
  [ FACTOR -> .+ FACTOR, $]
  [ FACTOR -> .- FACTOR, $]
  [ FACTOR -> .ID, $]
  [ FACTOR -> .ID [ EXP ], $]
  [ FACTOR -> .ID ++, $]
  [ FACTOR -> .ID --, $]
  [ FACTOR -> .( EXP ), $]
  [ FACTOR -> .CALL, $]
  [ FACTOR -> .STRING, $]
  [ CALL -> .ID ( ), $]
  [ CALL -> .ID ( ARGS_LIST ), $]
I56
  [ FACTOR -> + FACTOR., EQU/NEQ/LTE/GTE/LT/GT/COMMENT/;/IF/FOR/WHILE/INT/FLOAT/CHAR/VOID/RETURN/ID/NUMBER/+/-/(/STRING/,/*//]
I57
  [ FACTOR -> ID., *///EQU/NEQ/LTE/GTE/LT/GT/COMMENT/;/IF/FOR/WHILE/INT/FLOAT/CHAR/VOID/RETURN/ID/NUMBER/+/-/(/STRING/,]
  [ FACTOR -> ID .[ EXP ], $]
  [ FACTOR -> ID .++, $]
  [ FACTOR -> ID .--, $]
  [ CALL -> ID .( ), $]
  [ CALL -> ID .( ARGS_LIST ), $]
I58
  [ FACTOR -> - FACTOR., EQU/NEQ/LTE/GTE/LT/GT/COMMENT/;/IF/FOR/WHILE/INT/FLOAT/CHAR/VOID/RETURN/ID/NUMBER/+/-/(/STRING/,/*//]
I59
  [ FACTOR -> ( EXP .), $]
I60
  [ VAR_DECL -> TYPE_SPEC ID [ NUMBER ] .;, $]
I61
  [ FUNC_DECL -> TYPE_SPEC ID ( PARAMS ) .COMPOUND_STMT, $]
  [ COMPOUND_STMT -> .{ STMT_LIST }, $]
I62
  [ FUNC_DECL -> TYPE_SPEC ID ( ) COMPOUND_STMT., COMMENT/INT/FLOAT/CHAR/VOID]
I63
  [ COMPOUND_STMT -> { .STMT_LIST }, $]
  [ STMT_LIST -> .STMT_LIST STMT, $]
  [ STMT_LIST -> .STMT, $]
  [ STMT -> .EXP_STMT, $]
  [ STMT -> .IF_STMT, $]
  [ STMT -> .FOR_STMT, $]
  [ STMT -> .WHILE_STMT, $]
  [ STMT -> .VAR_DECL, $]
  [ STMT -> .RETURN_STMT, $]
  [ STMT -> .COMMENT, $]
  [ EXP_STMT -> .EXP ;, $]
  [ EXP_STMT -> .;, $]
  [ IF_STMT -> .IF ( EXP ) COMPOUND_STMT, $]
  [ IF_STMT -> .IF ( EXP ) COMPOUND_STMT ELSE COMPOUND_STMT, $]
  [ FOR_STMT -> .FOR ( EXP ; EXP ; EXP ) COMPOUND_STMT, $]
  [ FOR_STMT -> .FOR ( VAR_DECL EXP ; EXP ) COMPOUND_STMT, $]
  [ WHILE_STMT -> .WHILE ( EXP ) COMPOUND_STMT, $]
  [ VAR_DECL -> .TYPE_SPEC ID ;, $]
  [ VAR_DECL -> .TYPE_SPEC ID = EXP ;, $]
  [ VAR_DECL -> .TYPE_SPEC ID [ NUMBER ] ;, $]
  [ RETURN_STMT -> .RETURN EXP ;, $]
  [ EXP -> .SIMPLE_EXP, $]
  [ EXP -> .SIMPLE_EXP COMP_OP SIMPLE_EXP, $]
  [ TYPE_SPEC -> .INT, $]
  [ TYPE_SPEC -> .FLOAT, $]
  [ TYPE_SPEC -> .CHAR, $]
  [ TYPE_SPEC -> .VOID, $]
  [ SIMPLE_EXP -> .ASSIGN_EXP, $]
  [ SIMPLE_EXP -> .TERM ADDOP TERM, $]
  [ SIMPLE_EXP -> .TERM, $]
  [ ASSIGN_EXP -> .ID = EXP, $]
  [ ASSIGN_EXP -> .ID [ EXP ] = EXP, $]
  [ TERM -> .TERM MULOP FACTOR, $]
  [ TERM -> .FACTOR, $]
  [ FACTOR -> .NUMBER, $]
  [ FACTOR -> .+ FACTOR, $]
  [ FACTOR -> .- FACTOR, $]
  [ FACTOR -> .ID, $]
  [ FACTOR -> .ID [ EXP ], $]
  [ FACTOR -> .ID ++, $]
  [ FACTOR -> .ID --, $]
  [ FACTOR -> .( EXP ), $]
  [ FACTOR -> .CALL, $]
  [ FACTOR -> .STRING, $]
  [ CALL -> .ID ( ), $]
  [ CALL -> .ID ( ARGS_LIST ), $]
I64
  [ PARAM_LIST -> PARAM_LIST , .PARAM, $]
  [ PARAM -> .TYPE_SPEC ID, $]
  [ PARAM -> .TYPE_SPEC ID [ NUMBER ], $]
  [ TYPE_SPEC -> .INT, $]
  [ TYPE_SPEC -> .FLOAT, $]
  [ TYPE_SPEC -> .CHAR, $]
  [ TYPE_SPEC -> .VOID, $]
I65
  [ PARAM -> TYPE_SPEC ID., ,/COMMENT/INT/FLOAT/CHAR/VOID]
  [ PARAM -> TYPE_SPEC ID .[ NUMBER ], $]
I66
  [ EXP -> SIMPLE_EXP COMP_OP SIMPLE_EXP., COMMENT/;/IF/FOR/WHILE/INT/FLOAT/CHAR/VOID/RETURN/ID/NUMBER/+/-/(/STRING/EQU/NEQ/LTE/GTE/LT/GT/,/*//]
I67
  [ SIMPLE_EXP -> TERM ADDOP TERM., EQU/NEQ/LTE/GTE/LT/GT/COMMENT/;/IF/FOR/WHILE/INT/FLOAT/CHAR/VOID/RETURN/ID/NUMBER/+/-/(/STRING/,/*//]
  [ TERM -> TERM .MULOP FACTOR, $]
  [ MULOP -> .*, $]
  [ MULOP -> ./, $]
I68
  [ TERM -> TERM MULOP FACTOR., *///EQU/NEQ/LTE/GTE/LT/GT/COMMENT/;/IF/FOR/WHILE/INT/FLOAT/CHAR/VOID/RETURN/ID/NUMBER/+/-/(/STRING/,]
I69
  [ ASSIGN_EXP -> ID = EXP., EQU/NEQ/LTE/GTE/LT/GT/COMMENT/;/IF/FOR/WHILE/INT/FLOAT/CHAR/VOID/RETURN/ID/NUMBER/+/-/(/STRING/,/*//]
I70
  [ ASSIGN_EXP -> ID [ EXP .] = EXP, $]
  [ FACTOR -> ID [ EXP .], $]
I71
  [ CALL -> ID ( )., *///EQU/NEQ/LTE/GTE/LT/GT/COMMENT/;/IF/FOR/WHILE/INT/FLOAT/CHAR/VOID/RETURN/ID/NUMBER/+/-/(/STRING/,]
I72
  [ CALL -> ID ( ARGS_LIST .), $]
  [ ARGS_LIST -> ARGS_LIST ., EXP, $]
I73
  [ ARGS_LIST -> EXP., *///EQU/NEQ/LTE/GTE/LT/GT/COMMENT/;/IF/FOR/WHILE/INT/FLOAT/CHAR/VOID/RETURN/ID/NUMBER/+/-/(/STRING/,]
I74
  [ FACTOR -> ID [ .EXP ], $]
  [ EXP -> .SIMPLE_EXP, $]
  [ EXP -> .SIMPLE_EXP COMP_OP SIMPLE_EXP, $]
  [ SIMPLE_EXP -> .ASSIGN_EXP, $]
  [ SIMPLE_EXP -> .TERM ADDOP TERM, $]
  [ SIMPLE_EXP -> .TERM, $]
  [ ASSIGN_EXP -> .ID = EXP, $]
  [ ASSIGN_EXP -> .ID [ EXP ] = EXP, $]
  [ TERM -> .TERM MULOP FACTOR, $]
  [ TERM -> .FACTOR, $]
  [ FACTOR -> .NUMBER, $]
  [ FACTOR -> .+ FACTOR, $]
  [ FACTOR -> .- FACTOR, $]
  [ FACTOR -> .ID, $]
  [ FACTOR -> .ID [ EXP ], $]
  [ FACTOR -> .ID ++, $]
  [ FACTOR -> .ID --, $]
  [ FACTOR -> .( EXP ), $]
  [ FACTOR -> .CALL, $]
  [ FACTOR -> .STRING, $]
  [ CALL -> .ID ( ), $]
  [ CALL -> .ID ( ARGS_LIST ), $]
I75
  [ FACTOR -> ( EXP )., EQU/NEQ/LTE/GTE/LT/GT/COMMENT/;/IF/FOR/WHILE/INT/FLOAT/CHAR/VOID/RETURN/ID/NUMBER/+/-/(/STRING/,/*//]
I76
  [ VAR_DECL -> TYPE_SPEC ID [ NUMBER ] ;., COMMENT/;/IF/FOR/WHILE/INT/FLOAT/CHAR/VOID/RETURN/ID/NUMBER/+/-/(/STRING]
I77
  [ FUNC_DECL -> TYPE_SPEC ID ( PARAMS ) COMPOUND_STMT., COMMENT/INT/FLOAT/CHAR/VOID]
I78
  [ COMPOUND_STMT -> { STMT_LIST .}, $]
  [ STMT_LIST -> STMT_LIST .STMT, $]
  [ STMT -> .EXP_STMT, $]
  [ STMT -> .IF_STMT, $]
  [ STMT -> .FOR_STMT, $]
  [ STMT -> .WHILE_STMT, $]
  [ STMT -> .VAR_DECL, $]
  [ STMT -> .RETURN_STMT, $]
  [ STMT -> .COMMENT, $]
  [ EXP_STMT -> .EXP ;, $]
  [ EXP_STMT -> .;, $]
  [ IF_STMT -> .IF ( EXP ) COMPOUND_STMT, $]
  [ IF_STMT -> .IF ( EXP ) COMPOUND_STMT ELSE COMPOUND_STMT, $]
  [ FOR_STMT -> .FOR ( EXP ; EXP ; EXP ) COMPOUND_STMT, $]
  [ FOR_STMT -> .FOR ( VAR_DECL EXP ; EXP ) COMPOUND_STMT, $]
  [ WHILE_STMT -> .WHILE ( EXP ) COMPOUND_STMT, $]
  [ VAR_DECL -> .TYPE_SPEC ID ;, $]
  [ VAR_DECL -> .TYPE_SPEC ID = EXP ;, $]
  [ VAR_DECL -> .TYPE_SPEC ID [ NUMBER ] ;, $]
  [ RETURN_STMT -> .RETURN EXP ;, $]
  [ EXP -> .SIMPLE_EXP, $]
  [ EXP -> .SIMPLE_EXP COMP_OP SIMPLE_EXP, $]
  [ TYPE_SPEC -> .INT, $]
  [ TYPE_SPEC -> .FLOAT, $]
  [ TYPE_SPEC -> .CHAR, $]
  [ TYPE_SPEC -> .VOID, $]
  [ SIMPLE_EXP -> .ASSIGN_EXP, $]
  [ SIMPLE_EXP -> .TERM ADDOP TERM, $]
  [ SIMPLE_EXP -> .TERM, $]
  [ ASSIGN_EXP -> .ID = EXP, $]
  [ ASSIGN_EXP -> .ID [ EXP ] = EXP, $]
  [ TERM -> .TERM MULOP FACTOR, $]
  [ TERM -> .FACTOR, $]
  [ FACTOR -> .NUMBER, $]
  [ FACTOR -> .+ FACTOR, $]
  [ FACTOR -> .- FACTOR, $]
  [ FACTOR -> .ID, $]
  [ FACTOR -> .ID [ EXP ], $]
  [ FACTOR -> .ID ++, $]
  [ FACTOR -> .ID --, $]
  [ FACTOR -> .( EXP ), $]
  [ FACTOR -> .CALL, $]
  [ FACTOR -> .STRING, $]
  [ CALL -> .ID ( ), $]
  [ CALL -> .ID ( ARGS_LIST ), $]
I79
  [ STMT_LIST -> STMT., COMMENT/;/IF/FOR/WHILE/INT/FLOAT/CHAR/VOID/RETURN/ID/NUMBER/+/-/(/STRING]
I80
  [ STMT -> EXP_STMT., COMMENT/;/IF/FOR/WHILE/INT/FLOAT/CHAR/VOID/RETURN/ID/NUMBER/+/-/(/STRING]
I81
  [ STMT -> IF_STMT., COMMENT/;/IF/FOR/WHILE/INT/FLOAT/CHAR/VOID/RETURN/ID/NUMBER/+/-/(/STRING]
I82
  [ STMT -> FOR_STMT., COMMENT/;/IF/FOR/WHILE/INT/FLOAT/CHAR/VOID/RETURN/ID/NUMBER/+/-/(/STRING]
I83
  [ STMT -> WHILE_STMT., COMMENT/;/IF/FOR/WHILE/INT/FLOAT/CHAR/VOID/RETURN/ID/NUMBER/+/-/(/STRING]
I84
  [ STMT -> VAR_DECL., COMMENT/;/IF/FOR/WHILE/INT/FLOAT/CHAR/VOID/RETURN/ID/NUMBER/+/-/(/STRING]
I85
  [ STMT -> RETURN_STMT., COMMENT/;/IF/FOR/WHILE/INT/FLOAT/CHAR/VOID/RETURN/ID/NUMBER/+/-/(/STRING]
I86
  [ STMT -> COMMENT., COMMENT/;/IF/FOR/WHILE/INT/FLOAT/CHAR/VOID/RETURN/ID/NUMBER/+/-/(/STRING]
I87
  [ EXP_STMT -> EXP .;, $]
I88
  [ EXP_STMT -> ;., COMMENT/;/IF/FOR/WHILE/INT/FLOAT/CHAR/VOID/RETURN/ID/NUMBER/+/-/(/STRING]
I89
  [ IF_STMT -> IF .( EXP ) COMPOUND_STMT, $]
  [ IF_STMT -> IF .( EXP ) COMPOUND_STMT ELSE COMPOUND_STMT, $]
I90
  [ FOR_STMT -> FOR .( EXP ; EXP ; EXP ) COMPOUND_STMT, $]
  [ FOR_STMT -> FOR .( VAR_DECL EXP ; EXP ) COMPOUND_STMT, $]
I91
  [ WHILE_STMT -> WHILE .( EXP ) COMPOUND_STMT, $]
I92
  [ VAR_DECL -> TYPE_SPEC .ID ;, $]
  [ VAR_DECL -> TYPE_SPEC .ID = EXP ;, $]
  [ VAR_DECL -> TYPE_SPEC .ID [ NUMBER ] ;, $]
I93
  [ RETURN_STMT -> RETURN .EXP ;, $]
  [ EXP -> .SIMPLE_EXP, $]
  [ EXP -> .SIMPLE_EXP COMP_OP SIMPLE_EXP, $]
  [ SIMPLE_EXP -> .ASSIGN_EXP, $]
  [ SIMPLE_EXP -> .TERM ADDOP TERM, $]
  [ SIMPLE_EXP -> .TERM, $]
  [ ASSIGN_EXP -> .ID = EXP, $]
  [ ASSIGN_EXP -> .ID [ EXP ] = EXP, $]
  [ TERM -> .TERM MULOP FACTOR, $]
  [ TERM -> .FACTOR, $]
  [ FACTOR -> .NUMBER, $]
  [ FACTOR -> .+ FACTOR, $]
  [ FACTOR -> .- FACTOR, $]
  [ FACTOR -> .ID, $]
  [ FACTOR -> .ID [ EXP ], $]
  [ FACTOR -> .ID ++, $]
  [ FACTOR -> .ID --, $]
  [ FACTOR -> .( EXP ), $]
  [ FACTOR -> .CALL, $]
  [ FACTOR -> .STRING, $]
  [ CALL -> .ID ( ), $]
  [ CALL -> .ID ( ARGS_LIST ), $]
I94
  [ PARAM_LIST -> PARAM_LIST , PARAM., ,/COMMENT/INT/FLOAT/CHAR/VOID]
I95
  [ PARAM -> TYPE_SPEC ID [ .NUMBER ], $]
I96
  [ ASSIGN_EXP -> ID [ EXP ] .= EXP, $]
  [ FACTOR -> ID [ EXP ]., EQU/NEQ/LTE/GTE/LT/GT/COMMENT/;/IF/FOR/WHILE/INT/FLOAT/CHAR/VOID/RETURN/ID/NUMBER/+/-/(/STRING/,/*//]
I97
  [ CALL -> ID ( ARGS_LIST )., *///EQU/NEQ/LTE/GTE/LT/GT/COMMENT/;/IF/FOR/WHILE/INT/FLOAT/CHAR/VOID/RETURN/ID/NUMBER/+/-/(/STRING/,]
I98
  [ ARGS_LIST -> ARGS_LIST , .EXP, $]
  [ EXP -> .SIMPLE_EXP, $]
  [ EXP -> .SIMPLE_EXP COMP_OP SIMPLE_EXP, $]
  [ SIMPLE_EXP -> .ASSIGN_EXP, $]
  [ SIMPLE_EXP -> .TERM ADDOP TERM, $]
  [ SIMPLE_EXP -> .TERM, $]
  [ ASSIGN_EXP -> .ID = EXP, $]
  [ ASSIGN_EXP -> .ID [ EXP ] = EXP, $]
  [ TERM -> .TERM MULOP FACTOR, $]
  [ TERM -> .FACTOR, $]
  [ FACTOR -> .NUMBER, $]
  [ FACTOR -> .+ FACTOR, $]
  [ FACTOR -> .- FACTOR, $]
  [ FACTOR -> .ID, $]
  [ FACTOR -> .ID [ EXP ], $]
  [ FACTOR -> .ID ++, $]
  [ FACTOR -> .ID --, $]
  [ FACTOR -> .( EXP ), $]
  [ FACTOR -> .CALL, $]
  [ FACTOR -> .STRING, $]
  [ CALL -> .ID ( ), $]
  [ CALL -> .ID ( ARGS_LIST ), $]
I99
  [ FACTOR -> ID [ EXP .], $]
I100
  [ COMPOUND_STMT -> { STMT_LIST }., COMMENT/;/IF/FOR/WHILE/INT/FLOAT/CHAR/VOID/RETURN/ID/NUMBER/+/-/(/STRING]
I101
  [ STMT_LIST -> STMT_LIST STMT., COMMENT/;/IF/FOR/WHILE/INT/FLOAT/CHAR/VOID/RETURN/ID/NUMBER/+/-/(/STRING]
I102
  [ EXP_STMT -> EXP ;., COMMENT/;/IF/FOR/WHILE/INT/FLOAT/CHAR/VOID/RETURN/ID/NUMBER/+/-/(/STRING]
I103
  [ IF_STMT -> IF ( .EXP ) COMPOUND_STMT, $]
  [ IF_STMT -> IF ( .EXP ) COMPOUND_STMT ELSE COMPOUND_STMT, $]
  [ EXP -> .SIMPLE_EXP, $]
  [ EXP -> .SIMPLE_EXP COMP_OP SIMPLE_EXP, $]
  [ SIMPLE_EXP -> .ASSIGN_EXP, $]
  [ SIMPLE_EXP -> .TERM ADDOP TERM, $]
  [ SIMPLE_EXP -> .TERM, $]
  [ ASSIGN_EXP -> .ID = EXP, $]
  [ ASSIGN_EXP -> .ID [ EXP ] = EXP, $]
  [ TERM -> .TERM MULOP FACTOR, $]
  [ TERM -> .FACTOR, $]
  [ FACTOR -> .NUMBER, $]
  [ FACTOR -> .+ FACTOR, $]
  [ FACTOR -> .- FACTOR, $]
  [ FACTOR -> .ID, $]
  [ FACTOR -> .ID [ EXP ], $]
  [ FACTOR -> .ID ++, $]
  [ FACTOR -> .ID --, $]
  [ FACTOR -> .( EXP ), $]
  [ FACTOR -> .CALL, $]
  [ FACTOR -> .STRING, $]
  [ CALL -> .ID ( ), $]
  [ CALL -> .ID ( ARGS_LIST ), $]
I104
  [ FOR_STMT -> FOR ( .EXP ; EXP ; EXP ) COMPOUND_STMT, $]
  [ FOR_STMT -> FOR ( .VAR_DECL EXP ; EXP ) COMPOUND_STMT, $]
  [ EXP -> .SIMPLE_EXP, $]
  [ EXP -> .SIMPLE_EXP COMP_OP SIMPLE_EXP, $]
  [ VAR_DECL -> .TYPE_SPEC ID ;, $]
  [ VAR_DECL -> .TYPE_SPEC ID = EXP ;, $]
  [ VAR_DECL -> .TYPE_SPEC ID [ NUMBER ] ;, $]
  [ SIMPLE_EXP -> .ASSIGN_EXP, $]
  [ SIMPLE_EXP -> .TERM ADDOP TERM, $]
  [ SIMPLE_EXP -> .TERM, $]
  [ TYPE_SPEC -> .INT, $]
  [ TYPE_SPEC -> .FLOAT, $]
  [ TYPE_SPEC -> .CHAR, $]
  [ TYPE_SPEC -> .VOID, $]
  [ ASSIGN_EXP -> .ID = EXP, $]
  [ ASSIGN_EXP -> .ID [ EXP ] = EXP, $]
  [ TERM -> .TERM MULOP FACTOR, $]
  [ TERM -> .FACTOR, $]
  [ FACTOR -> .NUMBER, $]
  [ FACTOR -> .+ FACTOR, $]
  [ FACTOR -> .- FACTOR, $]
  [ FACTOR -> .ID, $]
  [ FACTOR -> .ID [ EXP ], $]
  [ FACTOR -> .ID ++, $]
  [ FACTOR -> .ID --, $]
  [ FACTOR -> .( EXP ), $]
  [ FACTOR -> .CALL, $]
  [ FACTOR -> .STRING, $]
  [ CALL -> .ID ( ), $]
  [ CALL -> .ID ( ARGS_LIST ), $]
I105
  [ WHILE_STMT -> WHILE ( .EXP ) COMPOUND_STMT, $]
  [ EXP -> .SIMPLE_EXP, $]
  [ EXP -> .SIMPLE_EXP COMP_OP SIMPLE_EXP, $]
  [ SIMPLE_EXP -> .ASSIGN_EXP, $]
  [ SIMPLE_EXP -> .TERM ADDOP TERM, $]
  [ SIMPLE_EXP -> .TERM, $]
  [ ASSIGN_EXP -> .ID = EXP, $]
  [ ASSIGN_EXP -> .ID [ EXP ] = EXP, $]
  [ TERM -> .TERM MULOP FACTOR, $]
  [ TERM -> .FACTOR, $]
  [ FACTOR -> .NUMBER, $]
  [ FACTOR -> .+ FACTOR, $]
  [ FACTOR -> .- FACTOR, $]
  [ FACTOR -> .ID, $]
  [ FACTOR -> .ID [ EXP ], $]
  [ FACTOR -> .ID ++, $]
  [ FACTOR -> .ID --, $]
  [ FACTOR -> .( EXP ), $]
  [ FACTOR -> .CALL, $]
  [ FACTOR -> .STRING, $]
  [ CALL -> .ID ( ), $]
  [ CALL -> .ID ( ARGS_LIST ), $]
I106
  [ VAR_DECL -> TYPE_SPEC ID .;, $]
  [ VAR_DECL -> TYPE_SPEC ID .= EXP ;, $]
  [ VAR_DECL -> TYPE_SPEC ID .[ NUMBER ] ;, $]
I107
  [ RETURN_STMT -> RETURN EXP .;, $]
I108
  [ PARAM -> TYPE_SPEC ID [ NUMBER .], $]
I109
  [ ASSIGN_EXP -> ID [ EXP ] = .EXP, $]
  [ EXP -> .SIMPLE_EXP, $]
  [ EXP -> .SIMPLE_EXP COMP_OP SIMPLE_EXP, $]
  [ SIMPLE_EXP -> .ASSIGN_EXP, $]
  [ SIMPLE_EXP -> .TERM ADDOP TERM, $]
  [ SIMPLE_EXP -> .TERM, $]
  [ ASSIGN_EXP -> .ID = EXP, $]
  [ ASSIGN_EXP -> .ID [ EXP ] = EXP, $]
  [ TERM -> .TERM MULOP FACTOR, $]
  [ TERM -> .FACTOR, $]
  [ FACTOR -> .NUMBER, $]
  [ FACTOR -> .+ FACTOR, $]
  [ FACTOR -> .- FACTOR, $]
  [ FACTOR -> .ID, $]
  [ FACTOR -> .ID [ EXP ], $]
  [ FACTOR -> .ID ++, $]
  [ FACTOR -> .ID --, $]
  [ FACTOR -> .( EXP ), $]
  [ FACTOR -> .CALL, $]
  [ FACTOR -> .STRING, $]
  [ CALL -> .ID ( ), $]
  [ CALL -> .ID ( ARGS_LIST ), $]
I110
  [ ARGS_LIST -> ARGS_LIST , EXP., ,/*///EQU/NEQ/LTE/GTE/LT/GT/COMMENT/;/IF/FOR/WHILE/INT/FLOAT/CHAR/VOID/RETURN/ID/NUMBER/+/-/(/STRING]
I111
  [ FACTOR -> ID [ EXP ]., *///EQU/NEQ/LTE/GTE/LT/GT/COMMENT/;/IF/FOR/WHILE/INT/FLOAT/CHAR/VOID/RETURN/ID/NUMBER/+/-/(/STRING/,]
I112
  [ IF_STMT -> IF ( EXP .) COMPOUND_STMT, $]
  [ IF_STMT -> IF ( EXP .) COMPOUND_STMT ELSE COMPOUND_STMT, $]
I113
  [ FOR_STMT -> FOR ( EXP .; EXP ; EXP ) COMPOUND_STMT, $]
I114
  [ FOR_STMT -> FOR ( VAR_DECL .EXP ; EXP ) COMPOUND_STMT, $]
  [ EXP -> .SIMPLE_EXP, $]
  [ EXP -> .SIMPLE_EXP COMP_OP SIMPLE_EXP, $]
  [ SIMPLE_EXP -> .ASSIGN_EXP, $]
  [ SIMPLE_EXP -> .TERM ADDOP TERM, $]
  [ SIMPLE_EXP -> .TERM, $]
  [ ASSIGN_EXP -> .ID = EXP, $]
  [ ASSIGN_EXP -> .ID [ EXP ] = EXP, $]
  [ TERM -> .TERM MULOP FACTOR, $]
  [ TERM -> .FACTOR, $]
  [ FACTOR -> .NUMBER, $]
  [ FACTOR -> .+ FACTOR, $]
  [ FACTOR -> .- FACTOR, $]
  [ FACTOR -> .ID, $]
  [ FACTOR -> .ID [ EXP ], $]
  [ FACTOR -> .ID ++, $]
  [ FACTOR -> .ID --, $]
  [ FACTOR -> .( EXP ), $]
  [ FACTOR -> .CALL, $]
  [ FACTOR -> .STRING, $]
  [ CALL -> .ID ( ), $]
  [ CALL -> .ID ( ARGS_LIST ), $]
I115
  [ WHILE_STMT -> WHILE ( EXP .) COMPOUND_STMT, $]
I116
  [ RETURN_STMT -> RETURN EXP ;., COMMENT/;/IF/FOR/WHILE/INT/FLOAT/CHAR/VOID/RETURN/ID/NUMBER/+/-/(/STRING]
I117
  [ PARAM -> TYPE_SPEC ID [ NUMBER ]., ,/COMMENT/INT/FLOAT/CHAR/VOID]
I118
  [ ASSIGN_EXP -> ID [ EXP ] = EXP., EQU/NEQ/LTE/GTE/LT/GT/COMMENT/;/IF/FOR/WHILE/INT/FLOAT/CHAR/VOID/RETURN/ID/NUMBER/+/-/(/STRING/,/*//]
I119
  [ IF_STMT -> IF ( EXP ) .COMPOUND_STMT, $]
  [ IF_STMT -> IF ( EXP ) .COMPOUND_STMT ELSE COMPOUND_STMT, $]
  [ COMPOUND_STMT -> .{ STMT_LIST }, $]
I120
  [ FOR_STMT -> FOR ( EXP ; .EXP ; EXP ) COMPOUND_STMT, $]
  [ EXP -> .SIMPLE_EXP, $]
  [ EXP -> .SIMPLE_EXP COMP_OP SIMPLE_EXP, $]
  [ SIMPLE_EXP -> .ASSIGN_EXP, $]
  [ SIMPLE_EXP -> .TERM ADDOP TERM, $]
  [ SIMPLE_EXP -> .TERM, $]
  [ ASSIGN_EXP -> .ID = EXP, $]
  [ ASSIGN_EXP -> .ID [ EXP ] = EXP, $]
  [ TERM -> .TERM MULOP FACTOR, $]
  [ TERM -> .FACTOR, $]
  [ FACTOR -> .NUMBER, $]
  [ FACTOR -> .+ FACTOR, $]
  [ FACTOR -> .- FACTOR, $]
  [ FACTOR -> .ID, $]
  [ FACTOR -> .ID [ EXP ], $]
  [ FACTOR -> .ID ++, $]
  [ FACTOR -> .ID --, $]
  [ FACTOR -> .( EXP ), $]
  [ FACTOR -> .CALL, $]
  [ FACTOR -> .STRING, $]
  [ CALL -> .ID ( ), $]
  [ CALL -> .ID ( ARGS_LIST ), $]
I121
  [ FOR_STMT -> FOR ( VAR_DECL EXP .; EXP ) COMPOUND_STMT, $]
I122
  [ WHILE_STMT -> WHILE ( EXP ) .COMPOUND_STMT, $]
  [ COMPOUND_STMT -> .{ STMT_LIST }, $]
I123
  [ IF_STMT -> IF ( EXP ) COMPOUND_STMT., COMMENT/;/IF/FOR/WHILE/INT/FLOAT/CHAR/VOID/RETURN/ID/NUMBER/+/-/(/STRING]
  [ IF_STMT -> IF ( EXP ) COMPOUND_STMT .ELSE COMPOUND_STMT, $]
I124
  [ FOR_STMT -> FOR ( EXP ; EXP .; EXP ) COMPOUND_STMT, $]
I125
  [ FOR_STMT -> FOR ( VAR_DECL EXP ; .EXP ) COMPOUND_STMT, $]
  [ EXP -> .SIMPLE_EXP, $]
  [ EXP -> .SIMPLE_EXP COMP_OP SIMPLE_EXP, $]
  [ SIMPLE_EXP -> .ASSIGN_EXP, $]
  [ SIMPLE_EXP -> .TERM ADDOP TERM, $]
  [ SIMPLE_EXP -> .TERM, $]
  [ ASSIGN_EXP -> .ID = EXP, $]
  [ ASSIGN_EXP -> .ID [ EXP ] = EXP, $]
  [ TERM -> .TERM MULOP FACTOR, $]
  [ TERM -> .FACTOR, $]
  [ FACTOR -> .NUMBER, $]
  [ FACTOR -> .+ FACTOR, $]
  [ FACTOR -> .- FACTOR, $]
  [ FACTOR -> .ID, $]
  [ FACTOR -> .ID [ EXP ], $]
  [ FACTOR -> .ID ++, $]
  [ FACTOR -> .ID --, $]
  [ FACTOR -> .( EXP ), $]
  [ FACTOR -> .CALL, $]
  [ FACTOR -> .STRING, $]
  [ CALL -> .ID ( ), $]
  [ CALL -> .ID ( ARGS_LIST ), $]
I126
  [ WHILE_STMT -> WHILE ( EXP ) COMPOUND_STMT., COMMENT/;/IF/FOR/WHILE/INT/FLOAT/CHAR/VOID/RETURN/ID/NUMBER/+/-/(/STRING]
I127
  [ IF_STMT -> IF ( EXP ) COMPOUND_STMT ELSE .COMPOUND_STMT, $]
  [ COMPOUND_STMT -> .{ STMT_LIST }, $]
I128
  [ FOR_STMT -> FOR ( EXP ; EXP ; .EXP ) COMPOUND_STMT, $]
  [ EXP -> .SIMPLE_EXP, $]
  [ EXP -> .SIMPLE_EXP COMP_OP SIMPLE_EXP, $]
  [ SIMPLE_EXP -> .ASSIGN_EXP, $]
  [ SIMPLE_EXP -> .TERM ADDOP TERM, $]
  [ SIMPLE_EXP -> .TERM, $]
  [ ASSIGN_EXP -> .ID = EXP, $]
  [ ASSIGN_EXP -> .ID [ EXP ] = EXP, $]
  [ TERM -> .TERM MULOP FACTOR, $]
  [ TERM -> .FACTOR, $]
  [ FACTOR -> .NUMBER, $]
  [ FACTOR -> .+ FACTOR, $]
  [ FACTOR -> .- FACTOR, $]
  [ FACTOR -> .ID, $]
  [ FACTOR -> .ID [ EXP ], $]
  [ FACTOR -> .ID ++, $]
  [ FACTOR -> .ID --, $]
  [ FACTOR -> .( EXP ), $]
  [ FACTOR -> .CALL, $]
  [ FACTOR -> .STRING, $]
  [ CALL -> .ID ( ), $]
  [ CALL -> .ID ( ARGS_LIST ), $]
I129
  [ FOR_STMT -> FOR ( VAR_DECL EXP ; EXP .) COMPOUND_STMT, $]
I130
  [ IF_STMT -> IF ( EXP ) COMPOUND_STMT ELSE COMPOUND_STMT., COMMENT/;/IF/FOR/WHILE/INT/FLOAT/CHAR/VOID/RETURN/ID/NUMBER/+/-/(/STRING]
I131
  [ FOR_STMT -> FOR ( EXP ; EXP ; EXP .) COMPOUND_STMT, $]
I132
  [ FOR_STMT -> FOR ( VAR_DECL EXP ; EXP ) .COMPOUND_STMT, $]
  [ COMPOUND_STMT -> .{ STMT_LIST }, $]
I133
  [ FOR_STMT -> FOR ( EXP ; EXP ; EXP ) .COMPOUND_STMT, $]
  [ COMPOUND_STMT -> .{ STMT_LIST }, $]
I134
  [ FOR_STMT -> FOR ( VAR_DECL EXP ; EXP ) COMPOUND_STMT., COMMENT/;/IF/FOR/WHILE/INT/FLOAT/CHAR/VOID/RETURN/ID/NUMBER/+/-/(/STRING]
I135
  [ FOR_STMT -> FOR ( EXP ; EXP ; EXP ) COMPOUND_STMT., COMMENT/;/IF/FOR/WHILE/INT/FLOAT/CHAR/VOID/RETURN/ID/NUMBER/+/-/(/STRING]
